Info: Starting: Create block symbol file (.bsf)
Info: ip-generate --project-directory=U:\ECE385\ece385lab9\trunk --output-directory=U:\ECE385\ece385lab9\trunk\lab9_soc --report-file=bsf:U:\ECE385\ece385lab9\trunk\lab9_soc\lab9_soc.bsf --system-info=DEVICE_FAMILY="Cyclone IV E" --system-info=DEVICE=EP4CE115F29C7 --system-info=DEVICE_SPEEDGRADE=7 --component-file=U:\ECE385\ece385lab9\trunk\lab9_soc.qsys
Progress: Loading trunk/lab9_soc.qsys
Progress: Reading input file
Progress: Adding clk_0 [clock_source 14.0]
Progress: Parameterizing module clk_0
Progress: Adding nios2_qsys_0 [altera_nios2_qsys 14.0]
Progress: Parameterizing module nios2_qsys_0
Progress: Adding onchip_memory2_0 [altera_avalon_onchip_memory2 14.0]
Progress: Parameterizing module onchip_memory2_0
Progress: Adding led [altera_avalon_pio 14.0]
Progress: Parameterizing module led
Progress: Adding sdram [altera_avalon_new_sdram_controller 14.0]
Progress: Parameterizing module sdram
Progress: Adding sdram_pll [altpll 14.0]
Progress: Parameterizing module sdram_pll
Progress: Adding sysid_qsys_0 [altera_avalon_sysid_qsys 14.0]
Progress: Parameterizing module sysid_qsys_0
Progress: Adding jtag_uart_0 [altera_avalon_jtag_uart 14.0]
Progress: Parameterizing module jtag_uart_0
Progress: Adding to_hw_port [altera_avalon_pio 14.0]
Progress: Parameterizing module to_hw_port
Progress: Adding to_hw_sig [altera_avalon_pio 14.0]
Progress: Parameterizing module to_hw_sig
Progress: Adding to_sw_port [altera_avalon_pio 14.0]
Progress: Parameterizing module to_sw_port
Progress: Adding to_sw_sig [altera_avalon_pio 14.0]
Progress: Parameterizing module to_sw_sig
Progress: Building connections
Progress: Parameterizing connections
Progress: Validating
Progress: Done reading input file
Info: lab9_soc.nios2_qsys_0: Please note that for early evaluation, preview versions of new Nios II Gen2 Processors are available with this release.
Info: lab9_soc.sysid_qsys_0: System ID is not assigned automatically. Edit the System ID parameter to provide a unique ID
Info: lab9_soc.sysid_qsys_0: Time stamp will be automatically updated when this component is generated.
Info: lab9_soc.to_sw_port: PIO inputs are not hardwired in test bench. Undefined values will be read from PIO inputs during simulation.
Info: lab9_soc.to_sw_sig: PIO inputs are not hardwired in test bench. Undefined values will be read from PIO inputs during simulation.
Warning: lab9_soc.sdram_pll: sdram_pll.areset_conduit must be exported, or connected to a matching conduit.
Warning: lab9_soc.sdram_pll: sdram_pll.locked_conduit must be exported, or connected to a matching conduit.
Warning: lab9_soc.sdram_pll: sdram_pll.phasedone_conduit must be exported, or connected to a matching conduit.
Info: ip-generate succeeded.
Info: Finished: Create block symbol file (.bsf)
Info: 
Info: Starting: Create HDL design files for synthesis
Info: ip-generate --project-directory=U:\ECE385\ece385lab9\trunk --output-directory=U:\ECE385\ece385lab9\trunk\lab9_soc\synthesis --file-set=QUARTUS_SYNTH --report-file=html:U:\ECE385\ece385lab9\trunk\lab9_soc\lab9_soc.html --report-file=sopcinfo:U:\ECE385\ece385lab9\trunk\lab9_soc.sopcinfo --report-file=cmp:U:\ECE385\ece385lab9\trunk\lab9_soc\lab9_soc.cmp --report-file=qip:U:\ECE385\ece385lab9\trunk\lab9_soc\synthesis\lab9_soc.qip --report-file=svd:U:\ECE385\ece385lab9\trunk\lab9_soc\synthesis\lab9_soc.svd --report-file=regmap:U:\ECE385\ece385lab9\trunk\lab9_soc\synthesis\lab9_soc.regmap --report-file=xml:U:\ECE385\ece385lab9\trunk\lab9_soc\lab9_soc.xml --report-file=debuginfo:U:\ECE385\ece385lab9\trunk\lab9_soc\synthesis\lab9_soc.debuginfo --system-info=DEVICE_FAMILY="Cyclone IV E" --system-info=DEVICE=EP4CE115F29C7 --system-info=DEVICE_SPEEDGRADE=7 --component-file=U:\ECE385\ece385lab9\trunk\lab9_soc.qsys --language=VERILOG
Progress: Loading trunk/lab9_soc.qsys
Progress: Reading input file
Progress: Adding clk_0 [clock_source 14.0]
Progress: Parameterizing module clk_0
Progress: Adding nios2_qsys_0 [altera_nios2_qsys 14.0]
Progress: Parameterizing module nios2_qsys_0
Progress: Adding onchip_memory2_0 [altera_avalon_onchip_memory2 14.0]
Progress: Parameterizing module onchip_memory2_0
Progress: Adding led [altera_avalon_pio 14.0]
Progress: Parameterizing module led
Progress: Adding sdram [altera_avalon_new_sdram_controller 14.0]
Progress: Parameterizing module sdram
Progress: Adding sdram_pll [altpll 14.0]
Progress: Parameterizing module sdram_pll
Progress: Adding sysid_qsys_0 [altera_avalon_sysid_qsys 14.0]
Progress: Parameterizing module sysid_qsys_0
Progress: Adding jtag_uart_0 [altera_avalon_jtag_uart 14.0]
Progress: Parameterizing module jtag_uart_0
Progress: Adding to_hw_port [altera_avalon_pio 14.0]
Progress: Parameterizing module to_hw_port
Progress: Adding to_hw_sig [altera_avalon_pio 14.0]
Progress: Parameterizing module to_hw_sig
Progress: Adding to_sw_port [altera_avalon_pio 14.0]
Progress: Parameterizing module to_sw_port
Progress: Adding to_sw_sig [altera_avalon_pio 14.0]
Progress: Parameterizing module to_sw_sig
Progress: Building connections
Progress: Parameterizing connections
Progress: Validating
Progress: Done reading input file
Info: lab9_soc.nios2_qsys_0: Please note that for early evaluation, preview versions of new Nios II Gen2 Processors are available with this release.
Info: lab9_soc.sysid_qsys_0: System ID is not assigned automatically. Edit the System ID parameter to provide a unique ID
Info: lab9_soc.sysid_qsys_0: Time stamp will be automatically updated when this component is generated.
Info: lab9_soc.to_sw_port: PIO inputs are not hardwired in test bench. Undefined values will be read from PIO inputs during simulation.
Info: lab9_soc.to_sw_sig: PIO inputs are not hardwired in test bench. Undefined values will be read from PIO inputs during simulation.
Warning: lab9_soc.sdram_pll: sdram_pll.areset_conduit must be exported, or connected to a matching conduit.
Warning: lab9_soc.sdram_pll: sdram_pll.locked_conduit must be exported, or connected to a matching conduit.
Warning: lab9_soc.sdram_pll: sdram_pll.phasedone_conduit must be exported, or connected to a matching conduit.
Info: lab9_soc: Generating lab9_soc "lab9_soc" for QUARTUS_SYNTH
Info: Inserting clock-crossing logic between cmd_demux.src2 and cmd_mux_002.sink0
Info: Inserting clock-crossing logic between cmd_demux_001.src2 and cmd_mux_002.sink1
Info: Inserting clock-crossing logic between rsp_demux_002.src0 and rsp_mux.sink2
Info: Inserting clock-crossing logic between rsp_demux_002.src1 and rsp_mux_001.sink2
Info: nios2_qsys_0: Starting RTL generation for module 'lab9_soc_nios2_qsys_0'
Info: nios2_qsys_0:   Generation command is [exec C:/altera/14.0/quartus/bin64/eperlcmd.exe -I C:/altera/14.0/quartus/bin64/perl/lib -I C:/altera/14.0/quartus/sopc_builder/bin/europa -I C:/altera/14.0/quartus/sopc_builder/bin/perl_lib -I C:/altera/14.0/quartus/sopc_builder/bin -I C:/altera/14.0/quartus/../ip/altera/nios2_ip/altera_nios2/cpu_lib -I C:/altera/14.0/quartus/../ip/altera/nios2_ip/altera_nios2/nios_lib -I C:/altera/14.0/quartus/../ip/altera/nios2_ip/altera_nios2 -I C:/altera/14.0/quartus/../ip/altera/nios2_ip/altera_nios2 -- C:/altera/14.0/quartus/../ip/altera/nios2_ip/altera_nios2/generate_rtl.epl --name=lab9_soc_nios2_qsys_0 --dir=C:/Users/jwang118/AppData/Local/Temp/alt6534_2693847274230922890.dir/0001_nios2_qsys_0_gen/ --quartus_bindir=C:/altera/14.0/quartus/bin64 --verilog --config=C:/Users/jwang118/AppData/Local/Temp/alt6534_2693847274230922890.dir/0001_nios2_qsys_0_gen//lab9_soc_nios2_qsys_0_processor_configuration.pl  --do_build_sim=0  ]
Info: nios2_qsys_0: # 2015.04.09 03:29:21 (*) Starting Nios II generation
Info: nios2_qsys_0: # 2015.04.09 03:29:21 (*)   Checking for plaintext license.
Info: nios2_qsys_0: # 2015.04.09 03:29:22 (*)   Couldn't query license setup in Quartus directory C:/altera/14.0/quartus/bin64
Info: nios2_qsys_0: # 2015.04.09 03:29:22 (*)   Defaulting to contents of LM_LICENSE_FILE environment variable
Info: nios2_qsys_0: # 2015.04.09 03:29:22 (*)   Plaintext license not found.
Info: nios2_qsys_0: # 2015.04.09 03:29:22 (*)   No license required to generate encrypted Nios II/e.
Info: nios2_qsys_0: # 2015.04.09 03:29:22 (*)   Elaborating CPU configuration settings
Info: nios2_qsys_0: # 2015.04.09 03:29:22 (*)   Creating all objects for CPU
Info: nios2_qsys_0: # 2015.04.09 03:29:23 (*)   Generating RTL from CPU objects
Info: nios2_qsys_0: # 2015.04.09 03:29:23 (*)   Creating plain-text RTL
Info: nios2_qsys_0: # 2015.04.09 03:29:25 (*) Done Nios II generation
Info: nios2_qsys_0: Done RTL generation for module 'lab9_soc_nios2_qsys_0'
Info: nios2_qsys_0: "lab9_soc" instantiated altera_nios2_qsys "nios2_qsys_0"
Info: onchip_memory2_0: Starting RTL generation for module 'lab9_soc_onchip_memory2_0'
Info: onchip_memory2_0:   Generation command is [exec C:/altera/14.0/quartus/bin64/perl/bin/perl.exe -I C:/altera/14.0/quartus/bin64/perl/lib -I C:/altera/14.0/quartus/sopc_builder/bin/europa -I C:/altera/14.0/quartus/sopc_builder/bin/perl_lib -I C:/altera/14.0/quartus/sopc_builder/bin -I C:/altera/14.0/quartus/../ip/altera/sopc_builder_ip/common -I C:/altera/14.0/quartus/../ip/altera/sopc_builder_ip/altera_avalon_onchip_memory2 -- C:/altera/14.0/quartus/../ip/altera/sopc_builder_ip/altera_avalon_onchip_memory2/generate_rtl.pl --name=lab9_soc_onchip_memory2_0 --dir=C:/Users/jwang118/AppData/Local/Temp/alt6534_2693847274230922890.dir/0002_onchip_memory2_0_gen/ --quartus_dir=C:/altera/14.0/quartus --verilog --config=C:/Users/jwang118/AppData/Local/Temp/alt6534_2693847274230922890.dir/0002_onchip_memory2_0_gen//lab9_soc_onchip_memory2_0_component_configuration.pl  --do_build_sim=0  ]
Info: onchip_memory2_0: Done RTL generation for module 'lab9_soc_onchip_memory2_0'
Info: onchip_memory2_0: "lab9_soc" instantiated altera_avalon_onchip_memory2 "onchip_memory2_0"
Info: led: Starting RTL generation for module 'lab9_soc_led'
Info: led:   Generation command is [exec C:/altera/14.0/quartus/bin64/perl/bin/perl.exe -I C:/altera/14.0/quartus/bin64/perl/lib -I C:/altera/14.0/quartus/sopc_builder/bin/europa -I C:/altera/14.0/quartus/sopc_builder/bin/perl_lib -I C:/altera/14.0/quartus/sopc_builder/bin -I C:/altera/14.0/quartus/../ip/altera/sopc_builder_ip/common -I C:/altera/14.0/quartus/../ip/altera/sopc_builder_ip/altera_avalon_pio -- C:/altera/14.0/quartus/../ip/altera/sopc_builder_ip/altera_avalon_pio/generate_rtl.pl --name=lab9_soc_led --dir=C:/Users/jwang118/AppData/Local/Temp/alt6534_2693847274230922890.dir/0003_led_gen/ --quartus_dir=C:/altera/14.0/quartus --verilog --config=C:/Users/jwang118/AppData/Local/Temp/alt6534_2693847274230922890.dir/0003_led_gen//lab9_soc_led_component_configuration.pl  --do_build_sim=0  ]
Info: led: Done RTL generation for module 'lab9_soc_led'
Info: led: "lab9_soc" instantiated altera_avalon_pio "led"
Info: sdram: Starting RTL generation for module 'lab9_soc_sdram'
Info: sdram:   Generation command is [exec C:/altera/14.0/quartus/bin64/perl/bin/perl.exe -I C:/altera/14.0/quartus/bin64/perl/lib -I C:/altera/14.0/quartus/sopc_builder/bin/europa -I C:/altera/14.0/quartus/sopc_builder/bin/perl_lib -I C:/altera/14.0/quartus/sopc_builder/bin -I C:/altera/14.0/quartus/../ip/altera/sopc_builder_ip/common -I C:/altera/14.0/quartus/../ip/altera/sopc_builder_ip/altera_avalon_new_sdram_controller -- C:/altera/14.0/quartus/../ip/altera/sopc_builder_ip/altera_avalon_new_sdram_controller/generate_rtl.pl --name=lab9_soc_sdram --dir=C:/Users/jwang118/AppData/Local/Temp/alt6534_2693847274230922890.dir/0004_sdram_gen/ --quartus_dir=C:/altera/14.0/quartus --verilog --config=C:/Users/jwang118/AppData/Local/Temp/alt6534_2693847274230922890.dir/0004_sdram_gen//lab9_soc_sdram_component_configuration.pl  --do_build_sim=0  ]
Info: sdram: Done RTL generation for module 'lab9_soc_sdram'
Info: sdram: "lab9_soc" instantiated altera_avalon_new_sdram_controller "sdram"
Info: sdram_pll: "lab9_soc" instantiated altpll "sdram_pll"
Info: sysid_qsys_0: "lab9_soc" instantiated altera_avalon_sysid_qsys "sysid_qsys_0"
Info: jtag_uart_0: Starting RTL generation for module 'lab9_soc_jtag_uart_0'
Info: jtag_uart_0:   Generation command is [exec C:/altera/14.0/quartus/bin64/perl/bin/perl.exe -I C:/altera/14.0/quartus/bin64/perl/lib -I C:/altera/14.0/quartus/sopc_builder/bin/europa -I C:/altera/14.0/quartus/sopc_builder/bin/perl_lib -I C:/altera/14.0/quartus/sopc_builder/bin -I C:/altera/14.0/quartus/../ip/altera/sopc_builder_ip/common -I C:/altera/14.0/quartus/../ip/altera/sopc_builder_ip/altera_avalon_jtag_uart -- C:/altera/14.0/quartus/../ip/altera/sopc_builder_ip/altera_avalon_jtag_uart/generate_rtl.pl --name=lab9_soc_jtag_uart_0 --dir=C:/Users/jwang118/AppData/Local/Temp/alt6534_2693847274230922890.dir/0008_jtag_uart_0_gen/ --quartus_dir=C:/altera/14.0/quartus --verilog --config=C:/Users/jwang118/AppData/Local/Temp/alt6534_2693847274230922890.dir/0008_jtag_uart_0_gen//lab9_soc_jtag_uart_0_component_configuration.pl  --do_build_sim=0  ]
Info: jtag_uart_0: Done RTL generation for module 'lab9_soc_jtag_uart_0'
Info: jtag_uart_0: "lab9_soc" instantiated altera_avalon_jtag_uart "jtag_uart_0"
Info: to_hw_sig: Starting RTL generation for module 'lab9_soc_to_hw_sig'
Info: to_hw_sig:   Generation command is [exec C:/altera/14.0/quartus/bin64/perl/bin/perl.exe -I C:/altera/14.0/quartus/bin64/perl/lib -I C:/altera/14.0/quartus/sopc_builder/bin/europa -I C:/altera/14.0/quartus/sopc_builder/bin/perl_lib -I C:/altera/14.0/quartus/sopc_builder/bin -I C:/altera/14.0/quartus/../ip/altera/sopc_builder_ip/common -I C:/altera/14.0/quartus/../ip/altera/sopc_builder_ip/altera_avalon_pio -- C:/altera/14.0/quartus/../ip/altera/sopc_builder_ip/altera_avalon_pio/generate_rtl.pl --name=lab9_soc_to_hw_sig --dir=C:/Users/jwang118/AppData/Local/Temp/alt6534_2693847274230922890.dir/0009_to_hw_sig_gen/ --quartus_dir=C:/altera/14.0/quartus --verilog --config=C:/Users/jwang118/AppData/Local/Temp/alt6534_2693847274230922890.dir/0009_to_hw_sig_gen//lab9_soc_to_hw_sig_component_configuration.pl  --do_build_sim=0  ]
Info: to_hw_sig: Done RTL generation for module 'lab9_soc_to_hw_sig'
Info: to_hw_sig: "lab9_soc" instantiated altera_avalon_pio "to_hw_sig"
Info: to_sw_port: Starting RTL generation for module 'lab9_soc_to_sw_port'
Info: to_sw_port:   Generation command is [exec C:/altera/14.0/quartus/bin64/perl/bin/perl.exe -I C:/altera/14.0/quartus/bin64/perl/lib -I C:/altera/14.0/quartus/sopc_builder/bin/europa -I C:/altera/14.0/quartus/sopc_builder/bin/perl_lib -I C:/altera/14.0/quartus/sopc_builder/bin -I C:/altera/14.0/quartus/../ip/altera/sopc_builder_ip/common -I C:/altera/14.0/quartus/../ip/altera/sopc_builder_ip/altera_avalon_pio -- C:/altera/14.0/quartus/../ip/altera/sopc_builder_ip/altera_avalon_pio/generate_rtl.pl --name=lab9_soc_to_sw_port --dir=C:/Users/jwang118/AppData/Local/Temp/alt6534_2693847274230922890.dir/0010_to_sw_port_gen/ --quartus_dir=C:/altera/14.0/quartus --verilog --config=C:/Users/jwang118/AppData/Local/Temp/alt6534_2693847274230922890.dir/0010_to_sw_port_gen//lab9_soc_to_sw_port_component_configuration.pl  --do_build_sim=0  ]
Info: to_sw_port: Done RTL generation for module 'lab9_soc_to_sw_port'
Info: to_sw_port: "lab9_soc" instantiated altera_avalon_pio "to_sw_port"
Info: to_sw_sig: Starting RTL generation for module 'lab9_soc_to_sw_sig'
Info: to_sw_sig:   Generation command is [exec C:/altera/14.0/quartus/bin64/perl/bin/perl.exe -I C:/altera/14.0/quartus/bin64/perl/lib -I C:/altera/14.0/quartus/sopc_builder/bin/europa -I C:/altera/14.0/quartus/sopc_builder/bin/perl_lib -I C:/altera/14.0/quartus/sopc_builder/bin -I C:/altera/14.0/quartus/../ip/altera/sopc_builder_ip/common -I C:/altera/14.0/quartus/../ip/altera/sopc_builder_ip/altera_avalon_pio -- C:/altera/14.0/quartus/../ip/altera/sopc_builder_ip/altera_avalon_pio/generate_rtl.pl --name=lab9_soc_to_sw_sig --dir=C:/Users/jwang118/AppData/Local/Temp/alt6534_2693847274230922890.dir/0011_to_sw_sig_gen/ --quartus_dir=C:/altera/14.0/quartus --verilog --config=C:/Users/jwang118/AppData/Local/Temp/alt6534_2693847274230922890.dir/0011_to_sw_sig_gen//lab9_soc_to_sw_sig_component_configuration.pl  --do_build_sim=0  ]
Info: to_sw_sig: Done RTL generation for module 'lab9_soc_to_sw_sig'
Info: to_sw_sig: "lab9_soc" instantiated altera_avalon_pio "to_sw_sig"
Info: mm_interconnect_0: "lab9_soc" instantiated altera_mm_interconnect "mm_interconnect_0"
Info: irq_mapper: "lab9_soc" instantiated altera_irq_mapper "irq_mapper"
Info: rst_controller: "lab9_soc" instantiated altera_reset_controller "rst_controller"
Info: nios2_qsys_0_instruction_master_translator: "mm_interconnect_0" instantiated altera_merlin_master_translator "nios2_qsys_0_instruction_master_translator"
Info: nios2_qsys_0_jtag_debug_module_translator: "mm_interconnect_0" instantiated altera_merlin_slave_translator "nios2_qsys_0_jtag_debug_module_translator"
Info: nios2_qsys_0_instruction_master_agent: "mm_interconnect_0" instantiated altera_merlin_master_agent "nios2_qsys_0_instruction_master_agent"
Info: nios2_qsys_0_jtag_debug_module_agent: "mm_interconnect_0" instantiated altera_merlin_slave_agent "nios2_qsys_0_jtag_debug_module_agent"
Info: nios2_qsys_0_jtag_debug_module_agent_rsp_fifo: "mm_interconnect_0" instantiated altera_avalon_sc_fifo "nios2_qsys_0_jtag_debug_module_agent_rsp_fifo"
Info: router: "mm_interconnect_0" instantiated altera_merlin_router "router"
Info: router_001: "mm_interconnect_0" instantiated altera_merlin_router "router_001"
Info: router_002: "mm_interconnect_0" instantiated altera_merlin_router "router_002"
Info: router_007: "mm_interconnect_0" instantiated altera_merlin_router "router_007"
Info: cmd_demux: "mm_interconnect_0" instantiated altera_merlin_demultiplexer "cmd_demux"
Info: cmd_demux_001: "mm_interconnect_0" instantiated altera_merlin_demultiplexer "cmd_demux_001"
Info: cmd_mux: "mm_interconnect_0" instantiated altera_merlin_multiplexer "cmd_mux"
Info: cmd_mux_005: "mm_interconnect_0" instantiated altera_merlin_multiplexer "cmd_mux_005"
Info: Reusing file U:/ECE385/ece385lab9/trunk/lab9_soc/synthesis/submodules/altera_merlin_arbitrator.sv
Info: rsp_demux: "mm_interconnect_0" instantiated altera_merlin_demultiplexer "rsp_demux"
Info: rsp_demux_005: "mm_interconnect_0" instantiated altera_merlin_demultiplexer "rsp_demux_005"
Info: rsp_mux: "mm_interconnect_0" instantiated altera_merlin_multiplexer "rsp_mux"
Info: Reusing file U:/ECE385/ece385lab9/trunk/lab9_soc/synthesis/submodules/altera_merlin_arbitrator.sv
Info: rsp_mux_001: "mm_interconnect_0" instantiated altera_merlin_multiplexer "rsp_mux_001"
Info: Reusing file U:/ECE385/ece385lab9/trunk/lab9_soc/synthesis/submodules/altera_merlin_arbitrator.sv
Info: crosser: "mm_interconnect_0" instantiated altera_avalon_st_handshake_clock_crosser "crosser"
Info: lab9_soc: Done "lab9_soc" with 32 modules, 48 files
Info: ip-generate succeeded.
Info: Finished: Create HDL design files for synthesis
