Flow report for lab9
Thu Apr 16 01:17:37 2015
Quartus II 64-Bit Version 14.1.0 Build 186 12/03/2014 SJ Web Edition


---------------------
; Table of Contents ;
---------------------
  1. Legal Notice
  2. Flow Summary
  3. Flow Settings
  4. Flow Non-Default Global Settings
  5. Flow Elapsed Time
  6. Flow OS Summary
  7. Flow Log
  8. Flow Messages
  9. Flow Suppressed Messages



----------------
; Legal Notice ;
----------------
Copyright (C) 1991-2014 Altera Corporation. All rights reserved.
Your use of Altera Corporation's design tools, logic functions 
and other software and tools, and its AMPP partner logic 
functions, and any output files from any of the foregoing 
(including device programming or simulation files), and any 
associated documentation or information are expressly subject 
to the terms and conditions of the Altera Program License 
Subscription Agreement, the Altera Quartus II License Agreement,
the Altera MegaCore Function License Agreement, or other 
applicable license agreement, including, without limitation, 
that your use is for the sole purpose of programming logic 
devices manufactured by Altera and sold by Altera or its 
authorized distributors.  Please refer to the applicable 
agreement for further details.



+---------------------------------------------------------------------------------+
; Flow Summary                                                                    ;
+------------------------------------+--------------------------------------------+
; Flow Status                        ; Successful - Thu Apr 16 01:17:37 2015      ;
; Quartus II 64-Bit Version          ; 14.1.0 Build 186 12/03/2014 SJ Web Edition ;
; Revision Name                      ; lab9                                       ;
; Top-level Entity Name              ; lab9                                       ;
; Family                             ; Cyclone IV E                               ;
; Device                             ; EP4CE115F29C7                              ;
; Timing Models                      ; Final                                      ;
; Total logic elements               ; 6,674 / 114,480 ( 6 % )                    ;
;     Total combinational functions  ; 5,917 / 114,480 ( 5 % )                    ;
;     Dedicated logic registers      ; 2,478 / 114,480 ( 2 % )                    ;
; Total registers                    ; 2597                                       ;
; Total pins                         ; 142 / 529 ( 27 % )                         ;
; Total virtual pins                 ; 0                                          ;
; Total memory bits                  ; 126,080 / 3,981,312 ( 3 % )                ;
; Embedded Multiplier 9-bit elements ; 0 / 532 ( 0 % )                            ;
; Total PLLs                         ; 1 / 4 ( 25 % )                             ;
+------------------------------------+--------------------------------------------+


+-----------------------------------------+
; Flow Settings                           ;
+-------------------+---------------------+
; Option            ; Setting             ;
+-------------------+---------------------+
; Start date & time ; 04/16/2015 01:14:23 ;
; Main task         ; Compilation         ;
; Revision Name     ; lab9                ;
+-------------------+---------------------+


+-------------------------------------------------------------------------------------------------------------------------------------------------+
; Flow Non-Default Global Settings                                                                                                                ;
+-------------------------------------+------------------------------------------------------------+---------------+-------------+----------------+
; Assignment Name                     ; Value                                                      ; Default Value ; Entity Name ; Section Id     ;
+-------------------------------------+------------------------------------------------------------+---------------+-------------+----------------+
; COMPILER_SIGNATURE_ID               ; 70465359187031.142916486307768                             ; --            ; --          ; --             ;
; EDA_OUTPUT_DATA_FORMAT              ; Systemverilog Hdl                                          ; --            ; --          ; eda_simulation ;
; EDA_SIMULATION_TOOL                 ; ModelSim-Altera (SystemVerilog)                            ; <None>        ; --          ; --             ;
; MAX_CORE_JUNCTION_TEMP              ; 85                                                         ; --            ; --          ; --             ;
; MIN_CORE_JUNCTION_TEMP              ; 0                                                          ; --            ; --          ; --             ;
; MISC_FILE                           ; lab9_soc/synthesis/../lab9_soc.cmp                         ; --            ; --          ; --             ;
; MISC_FILE                           ; lab9_soc/synthesis/../../lab9_soc.qsys                     ; --            ; --          ; --             ;
; NOMINAL_CORE_SUPPLY_VOLTAGE         ; 1.2V                                                       ; --            ; --          ; --             ;
; PARTITION_COLOR                     ; 16764057                                                   ; --            ; lab7        ; Top            ;
; PARTITION_COLOR                     ; 16764057                                                   ; --            ; lab8_usb    ; Top            ;
; PARTITION_COLOR                     ; 16764057                                                   ; --            ; --          ; Top            ;
; PARTITION_FITTER_PRESERVATION_LEVEL ; PLACEMENT_AND_ROUTING                                      ; --            ; lab7        ; Top            ;
; PARTITION_FITTER_PRESERVATION_LEVEL ; PLACEMENT_AND_ROUTING                                      ; --            ; lab8_usb    ; Top            ;
; PARTITION_FITTER_PRESERVATION_LEVEL ; PLACEMENT_AND_ROUTING                                      ; --            ; --          ; Top            ;
; PARTITION_NETLIST_TYPE              ; SOURCE                                                     ; --            ; lab7        ; Top            ;
; PARTITION_NETLIST_TYPE              ; SOURCE                                                     ; --            ; lab8_usb    ; Top            ;
; PARTITION_NETLIST_TYPE              ; SOURCE                                                     ; --            ; --          ; Top            ;
; POWER_BOARD_THERMAL_MODEL           ; None (CONSERVATIVE)                                        ; --            ; --          ; --             ;
; POWER_PRESET_COOLING_SOLUTION       ; 23 MM HEAT SINK WITH 200 LFPM AIRFLOW                      ; --            ; --          ; --             ;
; PROJECT_OUTPUT_DIRECTORY            ; output_files                                               ; --            ; --          ; --             ;
; SLD_FILE                            ; lab9_soc/synthesis/lab9_soc.regmap                         ; --            ; --          ; --             ;
; SLD_FILE                            ; lab9_soc/synthesis/lab9_soc.debuginfo                      ; --            ; --          ; --             ;
; SLD_INFO                            ; QSYS_NAME lab9_soc HAS_SOPCINFO 1 GENERATION_ID 1428568153 ; --            ; lab9_soc    ; --             ;
; SOPCINFO_FILE                       ; lab9_soc/synthesis/../../lab9_soc.sopcinfo                 ; --            ; --          ; --             ;
; SYNTHESIS_ONLY_QIP                  ; On                                                         ; --            ; --          ; --             ;
+-------------------------------------+------------------------------------------------------------+---------------+-------------+----------------+


+-------------------------------------------------------------------------------------------------------------------------------+
; Flow Elapsed Time                                                                                                             ;
+---------------------------+--------------+-------------------------+---------------------+------------------------------------+
; Module Name               ; Elapsed Time ; Average Processors Used ; Peak Virtual Memory ; Total CPU Time (on all processors) ;
+---------------------------+--------------+-------------------------+---------------------+------------------------------------+
; Analysis & Synthesis      ; 00:01:25     ; 1.0                     ; 824 MB              ; 00:01:55                           ;
; Fitter                    ; 00:01:09     ; 2.3                     ; 1803 MB             ; 00:01:54                           ;
; Assembler                 ; 00:00:06     ; 1.0                     ; 607 MB              ; 00:00:06                           ;
; TimeQuest Timing Analyzer ; 00:00:08     ; 1.5                     ; 837 MB              ; 00:00:09                           ;
; EDA Netlist Writer        ; 00:00:10     ; 1.0                     ; 633 MB              ; 00:00:09                           ;
; Total                     ; 00:02:58     ; --                      ; --                  ; 00:04:13                           ;
+---------------------------+--------------+-------------------------+---------------------+------------------------------------+


+----------------------------------------------------------------------------------------+
; Flow OS Summary                                                                        ;
+---------------------------+------------------+-----------+------------+----------------+
; Module Name               ; Machine Hostname ; OS Name   ; OS Version ; Processor type ;
+---------------------------+------------------+-----------+------------+----------------+
; Analysis & Synthesis      ; Jawanga          ; Windows 7 ; 6.2        ; x86_64         ;
; Fitter                    ; Jawanga          ; Windows 7 ; 6.2        ; x86_64         ;
; Assembler                 ; Jawanga          ; Windows 7 ; 6.2        ; x86_64         ;
; TimeQuest Timing Analyzer ; Jawanga          ; Windows 7 ; 6.2        ; x86_64         ;
; EDA Netlist Writer        ; Jawanga          ; Windows 7 ; 6.2        ; x86_64         ;
+---------------------------+------------------+-----------+------------+----------------+


------------
; Flow Log ;
------------
quartus_map --read_settings_files=on --write_settings_files=off lab9 -c lab9
quartus_fit --read_settings_files=off --write_settings_files=off lab9 -c lab9
quartus_asm --read_settings_files=off --write_settings_files=off lab9 -c lab9
quartus_sta lab9 -c lab9
quartus_eda --read_settings_files=off --write_settings_files=off lab9 -c lab9



